video_player/example/build/app/intermediates/manifest_merge_blame_file/debug/processDebugMainManifest/manifest-merger-blame-debug-report.txt
1<?xml version="1.0" encoding="utf-8"?>
2<manifest xmlns:android="http://schemas.android.com/apk/res/android"
3    package="io.flutter.plugins.videoplayerexample"
4    android:versionCode="1"
5    android:versionName="1.0" >
6
7    <uses-sdk
8        android:minSdkVersion="21"
9        android:targetSdkVersion="35" />
10
11    <uses-permission android:name="android.permission.INTERNET" />
11-->src/main/AndroidManifest.xml:25:3-64
11-->src/main/AndroidManifest.xml:25:20-62
12    <uses-permission android:name="android.permission.ACCESS_NETWORK_STATE" />
12-->[androidx.media3:media3-common:1.4.1] AndroidManifest.xml:22:5-79
12-->[androidx.media3:media3-common:1.4.1] AndroidManifest.xml:22:22-76
13
14    <permission
14-->[androidx.core:core:1.13.1] AndroidManifest.xml:22:5-24:47
15        android:name="io.flutter.plugins.videoplayerexample.DYNAMIC_RECEIVER_NOT_EXPORTED_PERMISSION"
15-->[androidx.core:core:1.13.1] AndroidManifest.xml:23:9-81
16        android:protectionLevel="signature" />
16-->[androidx.core:core:1.13.1] AndroidManifest.xml:24:9-44
17
18    <uses-permission android:name="io.flutter.plugins.videoplayerexample.DYNAMIC_RECEIVER_NOT_EXPORTED_PERMISSION" />
18-->[androidx.core:core:1.13.1] AndroidManifest.xml:26:5-97
18-->[androidx.core:core:1.13.1] AndroidManifest.xml:26:22-94
19
20    <application
20-->src/main/AndroidManifest.xml:4:3-23:17
21        android:appComponentFactory="androidx.core.app.CoreComponentFactory"
21-->[androidx.core:core:1.13.1] AndroidManifest.xml:28:18-86
22        android:debuggable="true"
23        android:extractNativeLibs="true"
24        android:icon="@mipmap/ic_launcher"
24-->src/main/AndroidManifest.xml:5:5-39
25        android:label="video_player_example"
25-->src/main/AndroidManifest.xml:6:5-41
26        android:networkSecurityConfig="@xml/network_security_config" >
26-->src/main/AndroidManifest.xml:7:5-65
27        <activity
27-->src/main/AndroidManifest.xml:8:5-21:16
28            android:name="io.flutter.embedding.android.FlutterActivity"
28-->src/main/AndroidManifest.xml:12:7-66
29            android:configChanges="orientation|keyboardHidden|keyboard|screenSize|locale|layoutDirection|smallestScreenSize|screenLayout"
29-->src/main/AndroidManifest.xml:9:7-132
30            android:exported="true"
30-->src/main/AndroidManifest.xml:11:7-30
31            android:hardwareAccelerated="true"
31-->src/main/AndroidManifest.xml:10:7-41
32            android:resizeableActivity="true"
32-->src/main/AndroidManifest.xml:16:7-40
33            android:supportsPictureInPicture="true"
33-->src/main/AndroidManifest.xml:15:7-46
34            android:theme="@style/LaunchTheme"
34-->src/main/AndroidManifest.xml:13:7-41
35            android:windowSoftInputMode="adjustResize" >
35-->src/main/AndroidManifest.xml:14:7-49
36            <intent-filter>
36-->src/main/AndroidManifest.xml:17:7-20:23
37                <action android:name="android.intent.action.MAIN" />
37-->src/main/AndroidManifest.xml:18:9-60
37-->src/main/AndroidManifest.xml:18:17-58
38
39                <category android:name="android.intent.category.LAUNCHER" />
39-->src/main/AndroidManifest.xml:19:9-68
39-->src/main/AndroidManifest.xml:19:19-66
40            </intent-filter>
41        </activity>
42
43        <meta-data
43-->src/main/AndroidManifest.xml:22:5-67
44            android:name="flutterEmbedding"
44-->src/main/AndroidManifest.xml:22:16-47
45            android:value="2" />
45-->src/main/AndroidManifest.xml:22:48-65
46
47        <uses-library
47-->[androidx.window:window:1.2.0] AndroidManifest.xml:23:9-25:40
48            android:name="androidx.window.extensions"
48-->[androidx.window:window:1.2.0] AndroidManifest.xml:24:13-54
49            android:required="false" />
49-->[androidx.window:window:1.2.0] AndroidManifest.xml:25:13-37
50        <uses-library
50-->[androidx.window:window:1.2.0] AndroidManifest.xml:26:9-28:40
51            android:name="androidx.window.sidecar"
51-->[androidx.window:window:1.2.0] AndroidManifest.xml:27:13-51
52            android:required="false" />
52-->[androidx.window:window:1.2.0] AndroidManifest.xml:28:13-37
53
54        <provider
54-->[androidx.lifecycle:lifecycle-process:2.7.0] AndroidManifest.xml:24:9-32:20
55            android:name="androidx.startup.InitializationProvider"
55-->[androidx.lifecycle:lifecycle-process:2.7.0] AndroidManifest.xml:25:13-67
56            android:authorities="io.flutter.plugins.videoplayerexample.androidx-startup"
56-->[androidx.lifecycle:lifecycle-process:2.7.0] AndroidManifest.xml:26:13-68
57            android:exported="false" >
57-->[androidx.lifecycle:lifecycle-process:2.7.0] AndroidManifest.xml:27:13-37
58            <meta-data
58-->[androidx.lifecycle:lifecycle-process:2.7.0] AndroidManifest.xml:29:13-31:52
59                android:name="androidx.lifecycle.ProcessLifecycleInitializer"
59-->[androidx.lifecycle:lifecycle-process:2.7.0] AndroidManifest.xml:30:17-78
60                android:value="androidx.startup" />
60-->[androidx.lifecycle:lifecycle-process:2.7.0] AndroidManifest.xml:31:17-49
61            <meta-data
61-->[androidx.profileinstaller:profileinstaller:1.3.1] AndroidManifest.xml:29:13-31:52
62                android:name="androidx.profileinstaller.ProfileInstallerInitializer"
62-->[androidx.profileinstaller:profileinstaller:1.3.1] AndroidManifest.xml:30:17-85
63                android:value="androidx.startup" />
63-->[androidx.profileinstaller:profileinstaller:1.3.1] AndroidManifest.xml:31:17-49
64        </provider>
65
66        <receiver
66-->[androidx.profileinstaller:profileinstaller:1.3.1] AndroidManifest.xml:34:9-52:20
67            android:name="androidx.profileinstaller.ProfileInstallReceiver"
67-->[androidx.profileinstaller:profileinstaller:1.3.1] AndroidManifest.xml:35:13-76
68            android:directBootAware="false"
68-->[androidx.profileinstaller:profileinstaller:1.3.1] AndroidManifest.xml:36:13-44
69            android:enabled="true"
69-->[androidx.profileinstaller:profileinstaller:1.3.1] AndroidManifest.xml:37:13-35
70            android:exported="true"
70-->[androidx.profileinstaller:profileinstaller:1.3.1] AndroidManifest.xml:38:13-36
71            android:permission="android.permission.DUMP" >
71-->[androidx.profileinstaller:profileinstaller:1.3.1] AndroidManifest.xml:39:13-57
72            <intent-filter>
72-->[androidx.profileinstaller:profileinstaller:1.3.1] AndroidManifest.xml:40:13-42:29
73                <action android:name="androidx.profileinstaller.action.INSTALL_PROFILE" />
73-->[androidx.profileinstaller:profileinstaller:1.3.1] AndroidManifest.xml:41:17-91
73-->[androidx.profileinstaller:profileinstaller:1.3.1] AndroidManifest.xml:41:25-88
74            </intent-filter>
75            <intent-filter>
75-->[androidx.profileinstaller:profileinstaller:1.3.1] AndroidManifest.xml:43:13-45:29
76                <action android:name="androidx.profileinstaller.action.SKIP_FILE" />
76-->[androidx.profileinstaller:profileinstaller:1.3.1] AndroidManifest.xml:44:17-85
76-->[androidx.profileinstaller:profileinstaller:1.3.1] AndroidManifest.xml:44:25-82
77            </intent-filter>
78            <intent-filter>
78-->[androidx.profileinstaller:profileinstaller:1.3.1] AndroidManifest.xml:46:13-48:29
79                <action android:name="androidx.profileinstaller.action.SAVE_PROFILE" />
79-->[androidx.profileinstaller:profileinstaller:1.3.1] AndroidManifest.xml:47:17-88
79-->[androidx.profileinstaller:profileinstaller:1.3.1] AndroidManifest.xml:47:25-85
80            </intent-filter>
81            <intent-filter>
81-->[androidx.profileinstaller:profileinstaller:1.3.1] AndroidManifest.xml:49:13-51:29
82                <action android:name="androidx.profileinstaller.action.BENCHMARK_OPERATION" />
82-->[androidx.profileinstaller:profileinstaller:1.3.1] AndroidManifest.xml:50:17-95
82-->[androidx.profileinstaller:profileinstaller:1.3.1] AndroidManifest.xml:50:25-92
83            </intent-filter>
84        </receiver>
85    </application>
86
87</manifest>